<?xml version="1.0" encoding="UTF-8"?>
<!-- Generated by org.testng.reporters.JUnitReportReporter -->
<testsuite hostname="DESKTOP-I7D4M6U" failures="0" tests="1" name="petstore.practice.CreatePet" time="6.172" errors="0" timestamp="2024-08-21T23:00:50 IST" skipped="0">
  <testcase classname="petstore.practice.CreatePet" name="createPetTest" time="6.172"/>
  <system-out/>
</testsuite> <!-- petstore.practice.CreatePet -->
