<?xml version="1.0" encoding="UTF-8"?>
<!-- Generated by org.testng.reporters.JUnitReportReporter -->
<testsuite hostname="DESKTOP-I7D4M6U" failures="0" tests="1" name="com.sample.crud.withoutbdd.PostProjectToServerTest" time="2.134" errors="0" timestamp="2024-08-27T10:51:46 IST" skipped="0">
  <testcase classname="com.sample.crud.withoutbdd.PostProjectToServerTest" name="createProjecttest" time="2.134"/>
  <system-out/>
</testsuite> <!-- com.sample.crud.withoutbdd.PostProjectToServerTest -->
