<?xml version="1.0" encoding="UTF-8"?>
<!-- Generated by org.testng.reporters.JUnitReportReporter -->
<testsuite hostname="DESKTOP-I7D4M6U" failures="0" tests="1" name="response.validation.HeaderAssertionTest" time="5.326" errors="0" timestamp="2024-08-24T10:45:43 IST" skipped="0">
  <testcase classname="response.validation.HeaderAssertionTest" name="validateHeaderTest" time="5.326"/>
  <system-out/>
</testsuite> <!-- response.validation.HeaderAssertionTest -->
