<?xml version="1.0" encoding="UTF-8"?>
<!-- Generated by org.testng.reporters.JUnitReportReporter -->
<testsuite hostname="DESKTOP-I7D4M6U" failures="0" tests="1" name="com.sample.crud.withbdd.DeleteProjectsFromServerTest" time="1.922" errors="0" timestamp="2024-08-21T15:27:54 IST" skipped="0">
  <testcase classname="com.sample.crud.withbdd.DeleteProjectsFromServerTest" name="deleteProjectTest" time="1.922"/>
  <system-out/>
</testsuite> <!-- com.sample.crud.withbdd.DeleteProjectsFromServerTest -->
