<?xml version="1.0" encoding="UTF-8"?>
<!-- Generated by org.testng.reporters.JUnitReportReporter -->
<testsuite hostname="DESKTOP-I7D4M6U" failures="0" tests="1" name="request.chaining.DeleteProjectTest" time="3.485" errors="0" timestamp="2024-08-27T10:55:30 IST" skipped="0">
  <testcase classname="request.chaining.DeleteProjectTest" name="deleteTest" time="3.485"/>
  <system-out/>
</testsuite> <!-- request.chaining.DeleteProjectTest -->
