<?xml version="1.0" encoding="UTF-8"?>
<!-- Generated by org.testng.reporters.JUnitReportReporter -->
<testsuite hostname="DESKTOP-I7D4M6U" failures="0" tests="1" name="com.sample.crud.withbdd.PostProjectToServerTest" time="1.807" errors="0" timestamp="2024-08-27T15:09:03 IST" skipped="0">
  <testcase classname="com.sample.crud.withbdd.PostProjectToServerTest" name="createProjecttest" time="1.807"/>
  <system-out/>
</testsuite> <!-- com.sample.crud.withbdd.PostProjectToServerTest -->
