<?xml version="1.0" encoding="UTF-8"?>
<!-- Generated by org.testng.reporters.JUnitReportReporter -->
<testsuite hostname="DESKTOP-I7D4M6U" failures="0" tests="1" name="request.chaining.TaskShopperStackTest" time="9.512" errors="0" timestamp="2024-08-28T11:18:11 IST" skipped="0">
  <testcase classname="request.chaining.TaskShopperStackTest" name="shopperTest" time="9.512"/>
  <system-out/>
</testsuite> <!-- request.chaining.TaskShopperStackTest -->
