<?xml version="1.0" encoding="UTF-8"?>
<!-- Generated by org.testng.reporters.JUnitReportReporter -->
<testsuite hostname="DESKTOP-I7D4M6U" failures="0" tests="1" name="mockingsolution.PaymentTest" time="3.169" errors="0" timestamp="2024-08-30T15:02:59 IST" skipped="0">
  <testcase classname="mockingsolution.PaymentTest" name="sampleTest" time="3.169"/>
  <system-out/>
</testsuite> <!-- mockingsolution.PaymentTest -->
