<?xml version="1.0" encoding="UTF-8"?>
<!-- Generated by org.testng.reporters.JUnitReportReporter -->
<testsuite hostname="DESKTOP-I7D4M6U" failures="0" tests="1" name="response.validation.BodyAssertionTest" time="3.720" errors="0" timestamp="2024-08-24T13:18:05 IST" skipped="0">
  <testcase classname="response.validation.BodyAssertionTest" name="validateHeaderTest" time="3.720"/>
  <system-out/>
</testsuite> <!-- response.validation.BodyAssertionTest -->
