<?xml version="1.0" encoding="UTF-8"?>
<!-- Generated by org.testng.reporters.JUnitReportReporter -->
<testsuite hostname="DESKTOP-I7D4M6U" failures="0" tests="1" name="com.sample.crud.withoutbdd.DeleteProjectsFromServerTest" time="2.211" errors="0" timestamp="2024-08-27T10:52:21 IST" skipped="0">
  <testcase classname="com.sample.crud.withoutbdd.DeleteProjectsFromServerTest" name="deleteProjectTest" time="2.211"/>
  <system-out/>
</testsuite> <!-- com.sample.crud.withoutbdd.DeleteProjectsFromServerTest -->
