<?xml version="1.0" encoding="UTF-8"?>
<!-- Generated by org.testng.reporters.JUnitReportReporter -->
<testsuite hostname="DESKTOP-I7D4M6U" failures="0" tests="1" name="Encryption.EncodingDecoding" time="0.012" errors="0" timestamp="2024-08-28T14:57:55 IST" skipped="0">
  <testcase classname="Encryption.EncodingDecoding" name="sampleTest" time="0.012"/>
  <system-out/>
</testsuite> <!-- Encryption.EncodingDecoding -->
