<?xml version="1.0" encoding="UTF-8"?>
<!-- Generated by org.testng.reporters.JUnitReportReporter -->
<testsuite hostname="DESKTOP-I7D4M6U" failures="0" tests="1" name="authentication.Oauth2Test" time="3.599" errors="0" timestamp="2024-08-28T13:10:50 IST" skipped="0">
  <testcase classname="authentication.Oauth2Test" name="basicAutenticationTest" time="3.599"/>
  <system-out/>
</testsuite> <!-- authentication.Oauth2Test -->
