<?xml version="1.0" encoding="UTF-8"?>
<!-- Generated by org.testng.reporters.JUnitReportReporter -->
<testsuite hostname="DESKTOP-I7D4M6U" failures="0" tests="1" name="Practice.StaticImport" time="0.012" errors="0" timestamp="2024-08-20T12:12:22 IST" skipped="0">
  <testcase classname="Practice.StaticImport" name="importStaticMethod" time="0.012"/>
  <system-out/>
</testsuite> <!-- Practice.StaticImport -->
