<?xml version="1.0" encoding="UTF-8"?>
<!-- Generated by org.testng.reporters.JUnitReportReporter -->
<testsuite hostname="DESKTOP-I7D4M6U" failures="0" tests="1" name="com.sample.crud.withoutbdd.PatchPartialUpdateTest" time="1.952" errors="0" timestamp="2024-08-21T13:13:34 IST" skipped="0">
  <testcase classname="com.sample.crud.withoutbdd.PatchPartialUpdateTest" name="partialUpdateProjecttest" time="1.952"/>
  <system-out/>
</testsuite> <!-- com.sample.crud.withoutbdd.PatchPartialUpdateTest -->
