<?xml version="1.0" encoding="UTF-8"?>
<!-- Generated by org.testng.reporters.JUnitReportReporter -->
<testsuite hostname="DESKTOP-I7D4M6U" failures="0" tests="1" name="authentication.BasicAuthTest" time="2.022" errors="0" timestamp="2024-08-27T18:10:57 IST" skipped="0">
  <testcase classname="authentication.BasicAuthTest" name="basicAutenticationTest" time="2.022"/>
  <system-out/>
</testsuite> <!-- authentication.BasicAuthTest -->
