<?xml version="1.0" encoding="UTF-8"?>
<!-- Generated by org.testng.reporters.JUnitReportReporter -->
<testsuite hostname="DESKTOP-I7D4M6U" failures="0" tests="1" name="complex.postrequest.PostReqViaJsonFileTest" time="2.383" errors="0" timestamp="2024-08-23T17:51:17 IST" skipped="0">
  <testcase classname="complex.postrequest.PostReqViaJsonFileTest" name="viaJsonObj" time="2.383"/>
  <system-out/>
</testsuite> <!-- complex.postrequest.PostReqViaJsonFileTest -->
