<?xml version="1.0" encoding="UTF-8"?>
<!-- Generated by org.testng.reporters.JUnitReportReporter -->
<testsuite hostname="DESKTOP-I7D4M6U" failures="0" tests="1" name="com.sample.crud.withbdd.PutCompleteUpdateTest" time="2.056" errors="0" timestamp="2024-08-21T15:23:04 IST" skipped="0">
  <testcase classname="com.sample.crud.withbdd.PutCompleteUpdateTest" name="updateProjecttest" time="2.056"/>
  <system-out/>
</testsuite> <!-- com.sample.crud.withbdd.PutCompleteUpdateTest -->
