<?xml version="1.0" encoding="UTF-8"?>
<!-- Generated by org.testng.reporters.JUnitReportReporter -->
<testsuite hostname="DESKTOP-I7D4M6U" failures="0" tests="1" name="authentication.Pre_emptiveAuthTest" time="2.387" errors="0" timestamp="2024-08-27T18:14:22 IST" skipped="0">
  <testcase classname="authentication.Pre_emptiveAuthTest" name="basicAutenticationTest" time="2.387"/>
  <system-out/>
</testsuite> <!-- authentication.Pre_emptiveAuthTest -->
