<?xml version="1.0" encoding="UTF-8"?>
<!-- Generated by org.testng.reporters.JUnitReportReporter -->
<testsuite hostname="DESKTOP-I7D4M6U" failures="0" tests="1" name="authentication.DigestAuthTest" time="2.274" errors="0" timestamp="2024-08-27T18:11:55 IST" skipped="0">
  <testcase classname="authentication.DigestAuthTest" name="basicAutenticationTest" time="2.274"/>
  <system-out/>
</testsuite> <!-- authentication.DigestAuthTest -->
