<?xml version="1.0" encoding="UTF-8"?>
<!-- Generated by org.testng.reporters.JUnitReportReporter -->
<testsuite hostname="DESKTOP-I7D4M6U" failures="0" tests="9" name="data.driven.testing.DDTUsingDataProviderFromExcelTest" time="2.463" errors="0" timestamp="2024-08-29T15:43:13 IST" skipped="0">
  <testcase classname="data.driven.testing.DDTUsingDataProviderFromExcelTest" name="createMultipleProjrcttest" time="0.041"/>
  <system-out/>
  <testcase classname="data.driven.testing.DDTUsingDataProviderFromExcelTest" name="createMultipleProjrcttest" time="0.028"/>
  <system-out/>
  <testcase classname="data.driven.testing.DDTUsingDataProviderFromExcelTest" name="createMultipleProjrcttest" time="2.166"/>
  <system-out/>
  <testcase classname="data.driven.testing.DDTUsingDataProviderFromExcelTest" name="createMultipleProjrcttest" time="0.045"/>
  <system-out/>
  <testcase classname="data.driven.testing.DDTUsingDataProviderFromExcelTest" name="createMultipleProjrcttest" time="0.028"/>
  <system-out/>
  <testcase classname="data.driven.testing.DDTUsingDataProviderFromExcelTest" name="createMultipleProjrcttest" time="0.033"/>
  <system-out/>
  <testcase classname="data.driven.testing.DDTUsingDataProviderFromExcelTest" name="createMultipleProjrcttest" time="0.048"/>
  <system-out/>
  <testcase classname="data.driven.testing.DDTUsingDataProviderFromExcelTest" name="createMultipleProjrcttest" time="0.041"/>
  <system-out/>
  <testcase classname="data.driven.testing.DDTUsingDataProviderFromExcelTest" name="createMultipleProjrcttest" time="0.033"/>
  <system-out/>
</testsuite> <!-- data.driven.testing.DDTUsingDataProviderFromExcelTest -->
