<?xml version="1.0" encoding="UTF-8"?>
<!-- Generated by org.testng.reporters.JUnitReportReporter -->
<testsuite hostname="DESKTOP-I7D4M6U" failures="0" tests="1" name="com.sample.crud.withbdd.GetProjectsFromServerTest" time="1.950" errors="0" timestamp="2024-08-24T12:25:49 IST" skipped="0">
  <testcase classname="com.sample.crud.withbdd.GetProjectsFromServerTest" name="getProjectTest" time="1.950"/>
  <system-out/>
</testsuite> <!-- com.sample.crud.withbdd.GetProjectsFromServerTest -->
