<?xml version="1.0" encoding="UTF-8"?>
<!-- Generated by org.testng.reporters.JUnitReportReporter -->
<testsuite hostname="DESKTOP-I7D4M6U" failures="0" tests="1" name="response.validation.ExtectDataUsingComplexJsonPath" time="2.140" errors="0" timestamp="2024-08-24T13:27:07 IST" skipped="0">
  <testcase classname="response.validation.ExtectDataUsingComplexJsonPath" name="extractData" time="2.140"/>
  <system-out/>
</testsuite> <!-- response.validation.ExtectDataUsingComplexJsonPath -->
