<?xml version="1.0" encoding="UTF-8"?>
<!-- Generated by org.testng.reporters.JUnitReportReporter -->
<testsuite hostname="DESKTOP-I7D4M6U" failures="0" tests="1" name="complex.postrequest.PostReqViaJsonObject" time="2.370" errors="0" timestamp="2024-08-23T17:35:23 IST" skipped="0">
  <testcase classname="complex.postrequest.PostReqViaJsonObject" name="viaJsonObj" time="2.370"/>
  <system-out/>
</testsuite> <!-- complex.postrequest.PostReqViaJsonObject -->
