<?xml version="1.0" encoding="UTF-8"?>
<!-- Generated by org.testng.reporters.JUnitReportReporter -->
<testsuite hostname="DESKTOP-I7D4M6U" failures="0" tests="1" name="ReqRes.SampleTest" time="2.424" errors="0" timestamp="2024-08-19T17:49:51 IST" skipped="0">
  <testcase classname="ReqRes.SampleTest" name="getTest" time="2.424"/>
  <system-out/>
</testsuite> <!-- ReqRes.SampleTest -->
