<?xml version="1.0" encoding="UTF-8"?>
<!-- Generated by org.testng.reporters.JUnitReportReporter -->
<testsuite hostname="DESKTOP-I7D4M6U" failures="0" tests="1" name="Practice.MtdChainingAndStaticimportTest" time="2.468" errors="0" timestamp="2024-08-20T13:30:41 IST" skipped="0">
  <testcase classname="Practice.MtdChainingAndStaticimportTest" name="sampleTest" time="2.468"/>
  <system-out/>
</testsuite> <!-- Practice.MtdChainingAndStaticimportTest -->
