<?xml version="1.0" encoding="UTF-8"?>
<!-- Generated by org.testng.reporters.JUnitReportReporter -->
<testsuite hostname="DESKTOP-I7D4M6U" failures="0" tests="1" name="request.chaining.AddEmployeeToProjectTest" time="3.440" errors="0" timestamp="2024-08-27T11:22:09 IST" skipped="0">
  <testcase classname="request.chaining.AddEmployeeToProjectTest" name="deleteTest" time="3.440"/>
  <system-out/>
</testsuite> <!-- request.chaining.AddEmployeeToProjectTest -->
