<?xml version="1.0" encoding="UTF-8"?>
<!-- Generated by org.testng.reporters.JUnitReportReporter -->
<testsuite hostname="DESKTOP-I7D4M6U" failures="0" tests="1" name="authentication.BarerTokenTest" time="2.273" errors="0" timestamp="2024-08-28T11:22:37 IST" skipped="0">
  <testcase classname="authentication.BarerTokenTest" name="basicAutenticationTest" time="2.273"/>
  <system-out/>
</testsuite> <!-- authentication.BarerTokenTest -->
