<?xml version="1.0" encoding="UTF-8"?>
<!-- Generated by org.testng.reporters.JUnitReportReporter -->
<testsuite hostname="DESKTOP-I7D4M6U" failures="0" tests="1" name="types_of_parameter.PathParameterTest" time="1.811" errors="0" timestamp="2024-08-27T15:09:39 IST" skipped="0">
  <testcase classname="types_of_parameter.PathParameterTest" name="createProjecttest" time="1.811"/>
  <system-out/>
</testsuite> <!-- types_of_parameter.PathParameterTest -->
