<?xml version="1.0" encoding="UTF-8"?>
<!-- Generated by org.testng.reporters.JUnitReportReporter -->
<testsuite hostname="DESKTOP-I7D4M6U" failures="0" tests="1" name="Encryption.AESEncryption" time="0.060" errors="0" timestamp="2024-08-28T15:58:07 IST" skipped="0">
  <testcase classname="Encryption.AESEncryption" name="sampleTest" time="0.060"/>
  <system-out/>
</testsuite> <!-- Encryption.AESEncryption -->
