<?xml version="1.0" encoding="UTF-8"?>
<!-- Generated by org.testng.reporters.JUnitReportReporter -->
<testsuite hostname="DESKTOP-I7D4M6U" failures="0" tests="1" name="response.validation.ResponseTimeAssertionTest" time="1.944" errors="0" timestamp="2024-08-24T10:55:17 IST" skipped="0">
  <testcase classname="response.validation.ResponseTimeAssertionTest" name="validateResTimeTest" time="1.944"/>
  <system-out/>
</testsuite> <!-- response.validation.ResponseTimeAssertionTest -->
