<?xml version="1.0" encoding="UTF-8"?>
<!-- Generated by org.testng.reporters.JUnitReportReporter -->
<testsuite hostname="DESKTOP-I7D4M6U" failures="0" tests="1" name="types_of_parameter.QueryParameterTest" time="1.838" errors="0" timestamp="2024-08-27T15:11:55 IST" skipped="0">
  <testcase classname="types_of_parameter.QueryParameterTest" name="createProjecttest" time="1.838"/>
  <system-out/>
</testsuite> <!-- types_of_parameter.QueryParameterTest -->
