<?xml version="1.0" encoding="UTF-8"?>
<!-- Generated by org.testng.reporters.JUnitReportReporter -->
<testsuite hostname="DESKTOP-I7D4M6U" failures="0" tests="1" name="petstore.practice.UpdatePetTest" time="5.412" errors="0" timestamp="2024-08-21T23:10:55 IST" skipped="0">
  <testcase classname="petstore.practice.UpdatePetTest" name="createPetTest" time="5.412"/>
  <system-out/>
</testsuite> <!-- petstore.practice.UpdatePetTest -->
