<?xml version="1.0" encoding="UTF-8"?>
<!-- Generated by org.testng.reporters.JUnitReportReporter -->
<testsuite hostname="DESKTOP-I7D4M6U" failures="0" tests="1" name="com.sample.crud.withoutbdd.GetProjectsFromServerTest" time="2.492" errors="0" timestamp="2024-08-21T13:16:52 IST" skipped="0">
  <testcase classname="com.sample.crud.withoutbdd.GetProjectsFromServerTest" name="getProjectTest" time="2.492"/>
  <system-out/>
</testsuite> <!-- com.sample.crud.withoutbdd.GetProjectsFromServerTest -->
