<?xml version="1.0" encoding="UTF-8"?>
<!-- Generated by org.testng.reporters.JUnitReportReporter -->
<testsuite hostname="DESKTOP-I7D4M6U" failures="0" tests="1" name="request.chaining.GetPayrollTest" time="2.666" errors="0" timestamp="2024-08-27T15:18:05 IST" skipped="0">
  <testcase classname="request.chaining.GetPayrollTest" name="getPayrollTest" time="2.666"/>
  <system-out/>
</testsuite> <!-- request.chaining.GetPayrollTest -->
