<?xml version="1.0" encoding="UTF-8"?>
<!-- Generated by org.testng.reporters.JUnitReportReporter -->
<testsuite hostname="DESKTOP-I7D4M6U" failures="0" tests="1" name="petstore.practice.DeletePetTest" time="6.722" errors="0" timestamp="2024-08-21T23:13:46 IST" skipped="0">
  <testcase classname="petstore.practice.DeletePetTest" name="deletePetsTest" time="6.722"/>
  <system-out/>
</testsuite> <!-- petstore.practice.DeletePetTest -->
